{"/home/gian/projetos_pessoais/contabil/api/src/controllers/auth/login-controller.ts": {"path":"/home/gian/projetos_pessoais/contabil/api/src/controllers/auth/login-controller.ts","statementMap":{"0":{"start":{"line":2,"column":0},"end":{"line":2,"column":87}},"1":{"start":{"line":8,"column":17},"end":{"line":8,"column":61}},"2":{"start":{"line":9,"column":17},"end":{"line":9,"column":54}},"3":{"start":{"line":10,"column":25},"end":{"line":10,"column":47}},"4":{"start":{"line":11,"column":25},"end":{"line":11,"column":56}},"5":{"start":{"line":15,"column":8},"end":{"line":32,"column":null}},"6":{"start":{"line":16,"column":26},"end":{"line":16,"column":59}},"7":{"start":{"line":17,"column":12},"end":{"line":19,"column":null}},"8":{"start":{"line":18,"column":16},"end":{"line":18,"column":null}},"9":{"start":{"line":20,"column":26},"end":{"line":20,"column":79}},"10":{"start":{"line":21,"column":12},"end":{"line":23,"column":null}},"11":{"start":{"line":22,"column":16},"end":{"line":22,"column":null}},"12":{"start":{"line":24,"column":28},"end":{"line":24,"column":94}},"13":{"start":{"line":25,"column":12},"end":{"line":27,"column":null}},"14":{"start":{"line":26,"column":16},"end":{"line":26,"column":null}},"15":{"start":{"line":28,"column":12},"end":{"line":28,"column":null}},"16":{"start":{"line":30,"column":12},"end":{"line":30,"column":null}},"17":{"start":{"line":31,"column":12},"end":{"line":31,"column":null}},"18":{"start":{"line":6,"column":0},"end":{"line":6,"column":13}}},"fnMap":{"0":{"name":"(anonymous_0)","decl":{"start":{"line":7,"column":4},"end":{"line":7,"column":null}},"loc":{"start":{"line":11,"column":56},"end":{"line":12,"column":9}}},"1":{"name":"(anonymous_1)","decl":{"start":{"line":14,"column":4},"end":{"line":14,"column":9}},"loc":{"start":{"line":14,"column":38},"end":{"line":33,"column":5}}}},"branchMap":{"0":{"loc":{"start":{"line":17,"column":12},"end":{"line":19,"column":null}},"type":"if","locations":[{"start":{"line":17,"column":12},"end":{"line":19,"column":null}}]},"1":{"loc":{"start":{"line":21,"column":12},"end":{"line":23,"column":null}},"type":"if","locations":[{"start":{"line":21,"column":12},"end":{"line":23,"column":null}}]},"2":{"loc":{"start":{"line":25,"column":12},"end":{"line":27,"column":null}},"type":"if","locations":[{"start":{"line":25,"column":12},"end":{"line":27,"column":null}}]}},"s":{"0":1,"1":5,"2":5,"3":5,"4":5,"5":5,"6":5,"7":5,"8":1,"9":4,"10":3,"11":1,"12":2,"13":2,"14":1,"15":1,"16":1,"17":1,"18":1},"f":{"0":5,"1":5},"b":{"0":[1],"1":[1],"2":[1]}}
,"/home/gian/projetos_pessoais/contabil/api/src/utils/errors/access-denied-error.ts": {"path":"/home/gian/projetos_pessoais/contabil/api/src/utils/errors/access-denied-error.ts","statementMap":{"0":{"start":{"line":3,"column":4},"end":{"line":3,"column":null}},"1":{"start":{"line":4,"column":4},"end":{"line":4,"column":null}},"2":{"start":{"line":1,"column":0},"end":{"line":1,"column":13}}},"fnMap":{"0":{"name":"(anonymous_0)","decl":{"start":{"line":2,"column":2},"end":{"line":2,"column":null}},"loc":{"start":{"line":2,"column":2},"end":{"line":5,"column":3}}}},"branchMap":{},"s":{"0":0,"1":0,"2":5},"f":{"0":0},"b":{}}
,"/home/gian/projetos_pessoais/contabil/api/src/utils/errors/email-in-use-error.ts": {"path":"/home/gian/projetos_pessoais/contabil/api/src/utils/errors/email-in-use-error.ts","statementMap":{"0":{"start":{"line":3,"column":4},"end":{"line":3,"column":null}},"1":{"start":{"line":4,"column":4},"end":{"line":4,"column":null}},"2":{"start":{"line":1,"column":0},"end":{"line":1,"column":13}}},"fnMap":{"0":{"name":"(anonymous_0)","decl":{"start":{"line":2,"column":2},"end":{"line":2,"column":null}},"loc":{"start":{"line":2,"column":2},"end":{"line":5,"column":3}}}},"branchMap":{},"s":{"0":0,"1":0,"2":5},"f":{"0":0},"b":{}}
,"/home/gian/projetos_pessoais/contabil/api/src/utils/errors/index.ts": {"path":"/home/gian/projetos_pessoais/contabil/api/src/utils/errors/index.ts","statementMap":{"0":{"start":{"line":1,"column":0},"end":{"line":1,"column":37}},"1":{"start":{"line":2,"column":0},"end":{"line":2,"column":37}},"2":{"start":{"line":3,"column":0},"end":{"line":3,"column":30}},"3":{"start":{"line":4,"column":0},"end":{"line":4,"column":36}},"4":{"start":{"line":5,"column":0},"end":{"line":5,"column":36}},"5":{"start":{"line":6,"column":0},"end":{"line":6,"column":37}}},"fnMap":{},"branchMap":{},"s":{"0":5,"1":5,"2":5,"3":5,"4":5,"5":5},"f":{},"b":{}}
,"/home/gian/projetos_pessoais/contabil/api/src/utils/errors/invalid-param-error.ts": {"path":"/home/gian/projetos_pessoais/contabil/api/src/utils/errors/invalid-param-error.ts","statementMap":{"0":{"start":{"line":3,"column":4},"end":{"line":3,"column":null}},"1":{"start":{"line":4,"column":4},"end":{"line":4,"column":null}},"2":{"start":{"line":1,"column":0},"end":{"line":1,"column":13}}},"fnMap":{"0":{"name":"(anonymous_0)","decl":{"start":{"line":2,"column":2},"end":{"line":2,"column":14}},"loc":{"start":{"line":2,"column":31},"end":{"line":5,"column":3}}}},"branchMap":{},"s":{"0":4,"1":4,"2":5},"f":{"0":4},"b":{}}
,"/home/gian/projetos_pessoais/contabil/api/src/utils/errors/missing-param-error.ts": {"path":"/home/gian/projetos_pessoais/contabil/api/src/utils/errors/missing-param-error.ts","statementMap":{"0":{"start":{"line":3,"column":4},"end":{"line":3,"column":null}},"1":{"start":{"line":4,"column":4},"end":{"line":4,"column":null}},"2":{"start":{"line":1,"column":0},"end":{"line":1,"column":13}}},"fnMap":{"0":{"name":"(anonymous_0)","decl":{"start":{"line":2,"column":2},"end":{"line":2,"column":14}},"loc":{"start":{"line":2,"column":31},"end":{"line":5,"column":3}}}},"branchMap":{},"s":{"0":5,"1":5,"2":5},"f":{"0":5},"b":{}}
,"/home/gian/projetos_pessoais/contabil/api/src/utils/errors/server-error.ts": {"path":"/home/gian/projetos_pessoais/contabil/api/src/utils/errors/server-error.ts","statementMap":{"0":{"start":{"line":3,"column":4},"end":{"line":3,"column":null}},"1":{"start":{"line":4,"column":4},"end":{"line":4,"column":null}},"2":{"start":{"line":5,"column":4},"end":{"line":5,"column":null}},"3":{"start":{"line":1,"column":0},"end":{"line":1,"column":13}}},"fnMap":{"0":{"name":"(anonymous_0)","decl":{"start":{"line":2,"column":2},"end":{"line":2,"column":14}},"loc":{"start":{"line":2,"column":27},"end":{"line":6,"column":3}}}},"branchMap":{},"s":{"0":1,"1":1,"2":1,"3":5},"f":{"0":1},"b":{}}
,"/home/gian/projetos_pessoais/contabil/api/src/utils/errors/unauthorized-error.ts": {"path":"/home/gian/projetos_pessoais/contabil/api/src/utils/errors/unauthorized-error.ts","statementMap":{"0":{"start":{"line":3,"column":4},"end":{"line":3,"column":null}},"1":{"start":{"line":4,"column":4},"end":{"line":4,"column":null}},"2":{"start":{"line":1,"column":0},"end":{"line":1,"column":13}}},"fnMap":{"0":{"name":"(anonymous_0)","decl":{"start":{"line":2,"column":2},"end":{"line":2,"column":null}},"loc":{"start":{"line":2,"column":2},"end":{"line":5,"column":3}}}},"branchMap":{},"s":{"0":2,"1":2,"2":5},"f":{"0":2},"b":{}}
,"/home/gian/projetos_pessoais/contabil/api/src/utils/helpers/http-helper.ts": {"path":"/home/gian/projetos_pessoais/contabil/api/src/utils/helpers/http-helper.ts","statementMap":{"0":{"start":{"line":1,"column":0},"end":{"line":1,"column":63}},"1":{"start":{"line":4,"column":26},"end":{"line":7,"column":2}},"2":{"start":{"line":4,"column":59},"end":{"line":7,"column":2}},"3":{"start":{"line":4,"column":13},"end":{"line":4,"column":26}},"4":{"start":{"line":9,"column":25},"end":{"line":12,"column":2}},"5":{"start":{"line":9,"column":58},"end":{"line":12,"column":2}},"6":{"start":{"line":9,"column":13},"end":{"line":9,"column":25}},"7":{"start":{"line":14,"column":28},"end":{"line":17,"column":2}},"8":{"start":{"line":14,"column":49},"end":{"line":17,"column":2}},"9":{"start":{"line":14,"column":13},"end":{"line":14,"column":28}},"10":{"start":{"line":19,"column":27},"end":{"line":22,"column":2}},"11":{"start":{"line":19,"column":60},"end":{"line":22,"column":2}},"12":{"start":{"line":19,"column":13},"end":{"line":19,"column":27}},"13":{"start":{"line":24,"column":18},"end":{"line":27,"column":2}},"14":{"start":{"line":24,"column":48},"end":{"line":27,"column":2}},"15":{"start":{"line":24,"column":13},"end":{"line":24,"column":18}},"16":{"start":{"line":29,"column":25},"end":{"line":32,"column":2}},"17":{"start":{"line":29,"column":46},"end":{"line":32,"column":2}},"18":{"start":{"line":29,"column":13},"end":{"line":29,"column":25}}},"fnMap":{"0":{"name":"(anonymous_0)","decl":{"start":{"line":4,"column":26},"end":{"line":4,"column":27}},"loc":{"start":{"line":4,"column":59},"end":{"line":7,"column":2}}},"1":{"name":"(anonymous_1)","decl":{"start":{"line":9,"column":25},"end":{"line":9,"column":26}},"loc":{"start":{"line":9,"column":58},"end":{"line":12,"column":2}}},"2":{"name":"(anonymous_2)","decl":{"start":{"line":14,"column":28},"end":{"line":14,"column":45}},"loc":{"start":{"line":14,"column":49},"end":{"line":17,"column":2}}},"3":{"name":"(anonymous_3)","decl":{"start":{"line":19,"column":27},"end":{"line":19,"column":28}},"loc":{"start":{"line":19,"column":60},"end":{"line":22,"column":2}}},"4":{"name":"(anonymous_4)","decl":{"start":{"line":24,"column":18},"end":{"line":24,"column":19}},"loc":{"start":{"line":24,"column":48},"end":{"line":27,"column":2}}},"5":{"name":"(anonymous_5)","decl":{"start":{"line":29,"column":25},"end":{"line":29,"column":42}},"loc":{"start":{"line":29,"column":46},"end":{"line":32,"column":2}}}},"branchMap":{},"s":{"0":1,"1":1,"2":1,"3":1,"4":1,"5":0,"6":1,"7":1,"8":2,"9":1,"10":1,"11":1,"12":1,"13":1,"14":1,"15":1,"16":1,"17":0,"18":1},"f":{"0":1,"1":0,"2":2,"3":1,"4":1,"5":0},"b":{}}
,"/home/gian/projetos_pessoais/contabil/api/src/validation/validators/compare-fields-validation.ts": {"path":"/home/gian/projetos_pessoais/contabil/api/src/validation/validators/compare-fields-validation.ts","statementMap":{"0":{"start":{"line":2,"column":0},"end":{"line":2,"column":54}},"1":{"start":{"line":7,"column":21},"end":{"line":7,"column":38}},"2":{"start":{"line":8,"column":21},"end":{"line":8,"column":47}},"3":{"start":{"line":12,"column":4},"end":{"line":14,"column":null}},"4":{"start":{"line":13,"column":6},"end":{"line":13,"column":null}},"5":{"start":{"line":5,"column":0},"end":{"line":5,"column":13}}},"fnMap":{"0":{"name":"(anonymous_0)","decl":{"start":{"line":6,"column":2},"end":{"line":6,"column":null}},"loc":{"start":{"line":8,"column":47},"end":{"line":9,"column":7}}},"1":{"name":"(anonymous_1)","decl":{"start":{"line":11,"column":2},"end":{"line":11,"column":10}},"loc":{"start":{"line":11,"column":21},"end":{"line":15,"column":3}}}},"branchMap":{"0":{"loc":{"start":{"line":12,"column":4},"end":{"line":14,"column":null}},"type":"if","locations":[{"start":{"line":12,"column":4},"end":{"line":14,"column":null}}]}},"s":{"0":4,"1":2,"2":2,"3":2,"4":1,"5":4},"f":{"0":2,"1":2},"b":{"0":[1]}}
,"/home/gian/projetos_pessoais/contabil/api/src/validation/validators/email-validation.ts": {"path":"/home/gian/projetos_pessoais/contabil/api/src/validation/validators/email-validation.ts","statementMap":{"0":{"start":{"line":1,"column":0},"end":{"line":1,"column":54}},"1":{"start":{"line":6,"column":21},"end":{"line":6,"column":38}},"2":{"start":{"line":7,"column":21},"end":{"line":7,"column":51}},"3":{"start":{"line":11,"column":20},"end":{"line":11,"column":70}},"4":{"start":{"line":12,"column":4},"end":{"line":14,"column":null}},"5":{"start":{"line":13,"column":6},"end":{"line":13,"column":null}},"6":{"start":{"line":4,"column":0},"end":{"line":4,"column":13}}},"fnMap":{"0":{"name":"(anonymous_0)","decl":{"start":{"line":5,"column":2},"end":{"line":5,"column":null}},"loc":{"start":{"line":7,"column":51},"end":{"line":8,"column":7}}},"1":{"name":"(anonymous_1)","decl":{"start":{"line":10,"column":2},"end":{"line":10,"column":10}},"loc":{"start":{"line":10,"column":21},"end":{"line":15,"column":3}}}},"branchMap":{"0":{"loc":{"start":{"line":12,"column":4},"end":{"line":14,"column":null}},"type":"if","locations":[{"start":{"line":12,"column":4},"end":{"line":14,"column":null}}]}},"s":{"0":4,"1":3,"2":3,"3":3,"4":2,"5":1,"6":4},"f":{"0":3,"1":3},"b":{"0":[1]}}
,"/home/gian/projetos_pessoais/contabil/api/src/validation/validators/index.ts": {"path":"/home/gian/projetos_pessoais/contabil/api/src/validation/validators/index.ts","statementMap":{"0":{"start":{"line":1,"column":0},"end":{"line":1,"column":43}},"1":{"start":{"line":2,"column":0},"end":{"line":2,"column":34}},"2":{"start":{"line":3,"column":0},"end":{"line":3,"column":43}},"3":{"start":{"line":4,"column":0},"end":{"line":4,"column":38}}},"fnMap":{},"branchMap":{},"s":{"0":4,"1":4,"2":4,"3":4},"f":{},"b":{}}
,"/home/gian/projetos_pessoais/contabil/api/src/validation/validators/required-field-validation.ts": {"path":"/home/gian/projetos_pessoais/contabil/api/src/validation/validators/required-field-validation.ts","statementMap":{"0":{"start":{"line":1,"column":0},"end":{"line":1,"column":54}},"1":{"start":{"line":5,"column":31},"end":{"line":5,"column":48}},"2":{"start":{"line":8,"column":4},"end":{"line":10,"column":null}},"3":{"start":{"line":9,"column":6},"end":{"line":9,"column":null}},"4":{"start":{"line":4,"column":0},"end":{"line":4,"column":13}}},"fnMap":{"0":{"name":"(anonymous_0)","decl":{"start":{"line":5,"column":2},"end":{"line":5,"column":31}},"loc":{"start":{"line":5,"column":48},"end":{"line":5,"column":53}}},"1":{"name":"(anonymous_1)","decl":{"start":{"line":7,"column":2},"end":{"line":7,"column":10}},"loc":{"start":{"line":7,"column":21},"end":{"line":11,"column":3}}}},"branchMap":{"0":{"loc":{"start":{"line":8,"column":4},"end":{"line":10,"column":null}},"type":"if","locations":[{"start":{"line":8,"column":4},"end":{"line":10,"column":null}}]}},"s":{"0":4,"1":2,"2":2,"3":1,"4":4},"f":{"0":2,"1":2},"b":{"0":[1]}}
,"/home/gian/projetos_pessoais/contabil/api/src/validation/validators/validation-composite.ts": {"path":"/home/gian/projetos_pessoais/contabil/api/src/validation/validators/validation-composite.ts","statementMap":{"0":{"start":{"line":4,"column":31},"end":{"line":4,"column":56}},"1":{"start":{"line":7,"column":4},"end":{"line":12,"column":null}},"2":{"start":{"line":8,"column":20},"end":{"line":8,"column":46}},"3":{"start":{"line":9,"column":6},"end":{"line":11,"column":null}},"4":{"start":{"line":10,"column":8},"end":{"line":10,"column":null}},"5":{"start":{"line":3,"column":0},"end":{"line":3,"column":13}}},"fnMap":{"0":{"name":"(anonymous_0)","decl":{"start":{"line":4,"column":2},"end":{"line":4,"column":31}},"loc":{"start":{"line":4,"column":56},"end":{"line":4,"column":61}}},"1":{"name":"(anonymous_1)","decl":{"start":{"line":6,"column":2},"end":{"line":6,"column":10}},"loc":{"start":{"line":6,"column":21},"end":{"line":13,"column":3}}}},"branchMap":{"0":{"loc":{"start":{"line":9,"column":6},"end":{"line":11,"column":null}},"type":"if","locations":[{"start":{"line":9,"column":6},"end":{"line":11,"column":null}}]}},"s":{"0":3,"1":3,"2":5,"3":5,"4":2,"5":4},"f":{"0":3,"1":3},"b":{"0":[2]}}
}
